Major Update 1.0
  - 正式配布
Minor Update 1.0.1
  - !success オプションのバグを修正
  - CCv2における自動空間確保を解除 欲しければ自分で付けてクレメンス()
Minor Update 1.0.2
  - magmaブロックがなぜか登録されていなかったのを修正。なんでや...
  - アップデータ側のエラーログ出力がリダイレクトされていない不具合を修正。(リポジトリからのダウンロードが必要)
  - アップデートログを自動でダウンロードするよう変更。
  - サイレントアップデートが廃止、アップデート完了時に通知が入るよう変更。
  - バージョンの表記を変更。
Minor Update 1.0.2a
  - 焦りすぎてmagmaブロックちゃんと登録できてなかった。なんでや!!!!!
Minor Update 1.1.0
  - エスケープ爆弾を改善
  - say等単独引用符でエラーにならないよう改善
  - コマンド内の文字エスケープが消滅しないよう改善
Minor Update 1.1.0a
  - アプデ通知がなぜか入ってなかったので修正。多分ミスって過去の奴うpってた。
Minor Update 1.1.1
  - 単独引用符の際にエスケープ後の引用符で囲む処理が抜けていたので修正。Ponpon氏ありがとナス！
Minor Update 1.1.2
  - エスケープ関連の条件反転を修正。これ組んでた時寝てたんですかね？
Minor Update 1.1.3
  - エスケープ関連のバグを修正。もう寝る。
Minor Update 1.2.0
  - 自動アップデート関連を大幅修正。
  - 大釜を対応させた。あともう一つあった気がするけど覚えてない(
  - [重要]ファイルはあくまでもmain階層に配置する。
Minor Update 1.2.2-af1
  - 自動アップデート関連、ファイルチェックや表記揺れを修正
  - 何かが大きく変わったようなそうでもないような気がする...?
